{"C:\\Users\\medam\\Desktop\\projet\\projet_indiv_amine\\frontend\\src\\App.js": {"path":"C:\\Users\\medam\\Desktop\\projet\\projet_indiv_amine\\frontend\\src\\App.js","statementMap":{"0":{"start":{"line":6,"column":16},"end":{"line":6,"column":22}},"1":{"start":{"line":9,"column":26},"end":{"line":9,"column":40}},"2":{"start":{"line":10,"column":28},"end":{"line":10,"column":42}},"3":{"start":{"line":11,"column":34},"end":{"line":11,"column":46}},"4":{"start":{"line":14,"column":2},"end":{"line":19,"column":9}},"5":{"start":{"line":15,"column":4},"end":{"line":18,"column":28}},"6":{"start":{"line":16,"column":19},"end":{"line":16,"column":29}},"7":{"start":{"line":22,"column":4},"end":{"line":22,"column":23}},"8":{"start":{"line":23,"column":38},"end":{"line":23,"column":46}},"9":{"start":{"line":25,"column":16},"end":{"line":33,"column":6}},"10":{"start":{"line":35,"column":4},"end":{"line":38,"column":5}},"11":{"start":{"line":36,"column":6},"end":{"line":36,"column":44}},"12":{"start":{"line":37,"column":6},"end":{"line":37,"column":13}},"13":{"start":{"line":40,"column":17},"end":{"line":40,"column":33}},"14":{"start":{"line":41,"column":4},"end":{"line":41,"column":23}},"15":{"start":{"line":42,"column":4},"end":{"line":42,"column":25}},"16":{"start":{"line":46,"column":4},"end":{"line":46,"column":23}},"17":{"start":{"line":47,"column":32},"end":{"line":47,"column":40}},"18":{"start":{"line":49,"column":16},"end":{"line":56,"column":6}},"19":{"start":{"line":58,"column":4},"end":{"line":61,"column":5}},"20":{"start":{"line":59,"column":6},"end":{"line":59,"column":47}},"21":{"start":{"line":60,"column":6},"end":{"line":60,"column":13}},"22":{"start":{"line":63,"column":17},"end":{"line":63,"column":33}},"23":{"start":{"line":64,"column":4},"end":{"line":64,"column":23}},"24":{"start":{"line":65,"column":4},"end":{"line":65,"column":25}},"25":{"start":{"line":69,"column":4},"end":{"line":69,"column":18}},"26":{"start":{"line":70,"column":4},"end":{"line":70,"column":19}},"27":{"start":{"line":73,"column":4},"end":{"line":76,"column":28}},"28":{"start":{"line":74,"column":19},"end":{"line":74,"column":29}},"29":{"start":{"line":80,"column":4},"end":{"line":80,"column":23}},"30":{"start":{"line":80,"column":16},"end":{"line":80,"column":23}},"31":{"start":{"line":81,"column":4},"end":{"line":90,"column":5}},"32":{"start":{"line":82,"column":18},"end":{"line":84,"column":8}},"33":{"start":{"line":85,"column":6},"end":{"line":85,"column":26}},"34":{"start":{"line":85,"column":19},"end":{"line":85,"column":26}},"35":{"start":{"line":86,"column":19},"end":{"line":86,"column":35}},"36":{"start":{"line":87,"column":6},"end":{"line":87,"column":24}},"37":{"start":{"line":89,"column":6},"end":{"line":89,"column":25}},"38":{"start":{"line":94,"column":4},"end":{"line":94,"column":23}},"39":{"start":{"line":94,"column":16},"end":{"line":94,"column":23}},"40":{"start":{"line":95,"column":4},"end":{"line":95,"column":61}},"41":{"start":{"line":95,"column":54},"end":{"line":95,"column":61}},"42":{"start":{"line":97,"column":16},"end":{"line":100,"column":6}},"43":{"start":{"line":101,"column":4},"end":{"line":101,"column":24}},"44":{"start":{"line":101,"column":17},"end":{"line":101,"column":24}},"45":{"start":{"line":102,"column":4},"end":{"line":102,"column":56}},"46":{"start":{"line":102,"column":24},"end":{"line":102,"column":54}},"47":{"start":{"line":102,"column":41},"end":{"line":102,"column":53}},"48":{"start":{"line":105,"column":4},"end":{"line":204,"column":4}},"49":{"start":{"line":187,"column":16},"end":{"line":187,"column":55}},"50":{"start":{"line":187,"column":36},"end":{"line":187,"column":54}}},"fnMap":{"0":{"name":"App","decl":{"start":{"line":8,"column":9},"end":{"line":8,"column":12}},"loc":{"start":{"line":8,"column":15},"end":{"line":205,"column":1}},"line":8},"1":{"name":"(anonymous_1)","decl":{"start":{"line":14,"column":12},"end":{"line":14,"column":13}},"loc":{"start":{"line":14,"column":18},"end":{"line":19,"column":3}},"line":14},"2":{"name":"(anonymous_2)","decl":{"start":{"line":16,"column":12},"end":{"line":16,"column":13}},"loc":{"start":{"line":16,"column":19},"end":{"line":16,"column":29}},"line":16},"3":{"name":"handleRegister","decl":{"start":{"line":21,"column":17},"end":{"line":21,"column":31}},"loc":{"start":{"line":21,"column":35},"end":{"line":43,"column":3}},"line":21},"4":{"name":"handleLogin","decl":{"start":{"line":45,"column":17},"end":{"line":45,"column":28}},"loc":{"start":{"line":45,"column":32},"end":{"line":66,"column":3}},"line":45},"5":{"name":"handleLogout","decl":{"start":{"line":68,"column":11},"end":{"line":68,"column":23}},"loc":{"start":{"line":68,"column":26},"end":{"line":77,"column":3}},"line":68},"6":{"name":"(anonymous_6)","decl":{"start":{"line":74,"column":12},"end":{"line":74,"column":13}},"loc":{"start":{"line":74,"column":19},"end":{"line":74,"column":29}},"line":74},"7":{"name":"loadMyArticles","decl":{"start":{"line":79,"column":17},"end":{"line":79,"column":31}},"loc":{"start":{"line":79,"column":34},"end":{"line":91,"column":3}},"line":79},"8":{"name":"handleDeleteArticle","decl":{"start":{"line":93,"column":17},"end":{"line":93,"column":36}},"loc":{"start":{"line":93,"column":41},"end":{"line":103,"column":3}},"line":93},"9":{"name":"(anonymous_9)","decl":{"start":{"line":102,"column":16},"end":{"line":102,"column":17}},"loc":{"start":{"line":102,"column":24},"end":{"line":102,"column":54}},"line":102},"10":{"name":"(anonymous_10)","decl":{"start":{"line":102,"column":36},"end":{"line":102,"column":37}},"loc":{"start":{"line":102,"column":41},"end":{"line":102,"column":53}},"line":102},"11":{"name":"(anonymous_11)","decl":{"start":{"line":186,"column":32},"end":{"line":186,"column":33}},"loc":{"start":{"line":187,"column":16},"end":{"line":187,"column":55}},"line":187},"12":{"name":"(anonymous_12)","decl":{"start":{"line":187,"column":28},"end":{"line":187,"column":29}},"loc":{"start":{"line":187,"column":36},"end":{"line":187,"column":54}},"line":187}},"branchMap":{"0":{"loc":{"start":{"line":35,"column":4},"end":{"line":38,"column":5}},"type":"if","locations":[{"start":{"line":35,"column":4},"end":{"line":38,"column":5}},{"start":{},"end":{}}],"line":35},"1":{"loc":{"start":{"line":58,"column":4},"end":{"line":61,"column":5}},"type":"if","locations":[{"start":{"line":58,"column":4},"end":{"line":61,"column":5}},{"start":{},"end":{}}],"line":58},"2":{"loc":{"start":{"line":80,"column":4},"end":{"line":80,"column":23}},"type":"if","locations":[{"start":{"line":80,"column":4},"end":{"line":80,"column":23}},{"start":{},"end":{}}],"line":80},"3":{"loc":{"start":{"line":85,"column":6},"end":{"line":85,"column":26}},"type":"if","locations":[{"start":{"line":85,"column":6},"end":{"line":85,"column":26}},{"start":{},"end":{}}],"line":85},"4":{"loc":{"start":{"line":94,"column":4},"end":{"line":94,"column":23}},"type":"if","locations":[{"start":{"line":94,"column":4},"end":{"line":94,"column":23}},{"start":{},"end":{}}],"line":94},"5":{"loc":{"start":{"line":95,"column":4},"end":{"line":95,"column":61}},"type":"if","locations":[{"start":{"line":95,"column":4},"end":{"line":95,"column":61}},{"start":{},"end":{}}],"line":95},"6":{"loc":{"start":{"line":101,"column":4},"end":{"line":101,"column":24}},"type":"if","locations":[{"start":{"line":101,"column":4},"end":{"line":101,"column":24}},{"start":{},"end":{}}],"line":101},"7":{"loc":{"start":{"line":115,"column":9},"end":{"line":127,"column":9}},"type":"binary-expr","locations":[{"start":{"line":115,"column":9},"end":{"line":115,"column":13}},{"start":{"line":116,"column":10},"end":{"line":126,"column":16}}],"line":115},"8":{"loc":{"start":{"line":141,"column":11},"end":{"line":181,"column":11}},"type":"binary-expr","locations":[{"start":{"line":141,"column":11},"end":{"line":141,"column":16}},{"start":{"line":142,"column":12},"end":{"line":180,"column":18}}],"line":141},"9":{"loc":{"start":{"line":183,"column":11},"end":{"line":190,"column":11}},"type":"binary-expr","locations":[{"start":{"line":183,"column":11},"end":{"line":183,"column":15}},{"start":{"line":184,"column":12},"end":{"line":189,"column":14}}],"line":183}},"s":{"0":1,"1":4,"2":3,"3":3,"4":3,"5":3,"6":3,"7":0,"8":0,"9":0,"10":0,"11":0,"12":0,"13":0,"14":0,"15":0,"16":0,"17":0,"18":0,"19":0,"20":0,"21":0,"22":0,"23":0,"24":0,"25":0,"26":0,"27":0,"28":0,"29":0,"30":0,"31":0,"32":0,"33":0,"34":0,"35":0,"36":0,"37":0,"38":0,"39":0,"40":0,"41":0,"42":0,"43":0,"44":0,"45":0,"46":0,"47":0,"48":3,"49":0,"50":0},"f":{"0":4,"1":3,"2":3,"3":0,"4":0,"5":0,"6":0,"7":0,"8":0,"9":0,"10":0,"11":0,"12":0},"b":{"0":[0,0],"1":[0,0],"2":[0,0],"3":[0,0],"4":[0,0],"5":[0,0],"6":[0,0],"7":[3,0],"8":[3,3],"9":[3,0]},"_coverageSchema":"1a1c01bbd47fc00a2c39e90264f33305004495a9","hash":"b6a36387439ec99899a5d89305dc60751a8f1ef0"}
,"C:\\Users\\medam\\Desktop\\projet\\projet_indiv_amine\\frontend\\src\\index.js": {"path":"C:\\Users\\medam\\Desktop\\projet\\projet_indiv_amine\\frontend\\src\\index.js","statementMap":{"0":{"start":{"line":6,"column":13},"end":{"line":6,"column":65}},"1":{"start":{"line":7,"column":0},"end":{"line":11,"column":2}}},"fnMap":{},"branchMap":{},"s":{"0":0,"1":0},"f":{},"b":{}}
,"C:\\Users\\medam\\Desktop\\projet\\projet_indiv_amine\\frontend\\src\\components\\ArticleForm.js": {"path":"C:\\Users\\medam\\Desktop\\projet\\projet_indiv_amine\\frontend\\src\\components\\ArticleForm.js","statementMap":{"0":{"start":{"line":3,"column":16},"end":{"line":3,"column":22}},"1":{"start":{"line":6,"column":28},"end":{"line":6,"column":40}},"2":{"start":{"line":7,"column":32},"end":{"line":7,"column":44}},"3":{"start":{"line":8,"column":28},"end":{"line":8,"column":42}},"4":{"start":{"line":11,"column":4},"end":{"line":11,"column":23}},"5":{"start":{"line":13,"column":21},"end":{"line":13,"column":35}},"6":{"start":{"line":14,"column":4},"end":{"line":14,"column":36}},"7":{"start":{"line":15,"column":4},"end":{"line":15,"column":44}},"8":{"start":{"line":16,"column":4},"end":{"line":18,"column":5}},"9":{"start":{"line":17,"column":6},"end":{"line":17,"column":38}},"10":{"start":{"line":20,"column":4},"end":{"line":40,"column":5}},"11":{"start":{"line":21,"column":18},"end":{"line":25,"column":8}},"12":{"start":{"line":27,"column":6},"end":{"line":30,"column":7}},"13":{"start":{"line":28,"column":8},"end":{"line":28,"column":63}},"14":{"start":{"line":29,"column":8},"end":{"line":29,"column":15}},"15":{"start":{"line":32,"column":22},"end":{"line":32,"column":38}},"16":{"start":{"line":33,"column":6},"end":{"line":33,"column":54}},"17":{"start":{"line":33,"column":28},"end":{"line":33,"column":54}},"18":{"start":{"line":34,"column":6},"end":{"line":34,"column":19}},"19":{"start":{"line":35,"column":6},"end":{"line":35,"column":21}},"20":{"start":{"line":36,"column":6},"end":{"line":36,"column":21}},"21":{"start":{"line":38,"column":6},"end":{"line":38,"column":25}},"22":{"start":{"line":39,"column":6},"end":{"line":39,"column":42}},"23":{"start":{"line":43,"column":2},"end":{"line":84,"column":4}},"24":{"start":{"line":57,"column":25},"end":{"line":57,"column":49}},"25":{"start":{"line":68,"column":25},"end":{"line":68,"column":51}},"26":{"start":{"line":78,"column":25},"end":{"line":78,"column":52}}},"fnMap":{"0":{"name":"ArticleForm","decl":{"start":{"line":5,"column":9},"end":{"line":5,"column":20}},"loc":{"start":{"line":5,"column":50},"end":{"line":85,"column":1}},"line":5},"1":{"name":"handleSubmit","decl":{"start":{"line":10,"column":17},"end":{"line":10,"column":29}},"loc":{"start":{"line":10,"column":33},"end":{"line":41,"column":3}},"line":10},"2":{"name":"(anonymous_2)","decl":{"start":{"line":57,"column":20},"end":{"line":57,"column":21}},"loc":{"start":{"line":57,"column":25},"end":{"line":57,"column":49}},"line":57},"3":{"name":"(anonymous_3)","decl":{"start":{"line":68,"column":20},"end":{"line":68,"column":21}},"loc":{"start":{"line":68,"column":25},"end":{"line":68,"column":51}},"line":68},"4":{"name":"(anonymous_4)","decl":{"start":{"line":78,"column":20},"end":{"line":78,"column":21}},"loc":{"start":{"line":78,"column":25},"end":{"line":78,"column":52}},"line":78}},"branchMap":{"0":{"loc":{"start":{"line":16,"column":4},"end":{"line":18,"column":5}},"type":"if","locations":[{"start":{"line":16,"column":4},"end":{"line":18,"column":5}},{"start":{},"end":{}}],"line":16},"1":{"loc":{"start":{"line":23,"column":17},"end":{"line":23,"column":66}},"type":"cond-expr","locations":[{"start":{"line":23,"column":25},"end":{"line":23,"column":61}},{"start":{"line":23,"column":64},"end":{"line":23,"column":66}}],"line":23},"2":{"loc":{"start":{"line":27,"column":6},"end":{"line":30,"column":7}},"type":"if","locations":[{"start":{"line":27,"column":6},"end":{"line":30,"column":7}},{"start":{},"end":{}}],"line":27},"3":{"loc":{"start":{"line":33,"column":6},"end":{"line":33,"column":54}},"type":"if","locations":[{"start":{"line":33,"column":6},"end":{"line":33,"column":54}},{"start":{},"end":{}}],"line":33}},"s":{"0":1,"1":0,"2":0,"3":0,"4":0,"5":0,"6":0,"7":0,"8":0,"9":0,"10":0,"11":0,"12":0,"13":0,"14":0,"15":0,"16":0,"17":0,"18":0,"19":0,"20":0,"21":0,"22":0,"23":0,"24":0,"25":0,"26":0},"f":{"0":0,"1":0,"2":0,"3":0,"4":0},"b":{"0":[0,0],"1":[0,0],"2":[0,0],"3":[0,0]},"_coverageSchema":"1a1c01bbd47fc00a2c39e90264f33305004495a9","hash":"5a24a838daa086d26cea18b3ff260b1a9aaa3317"}
,"C:\\Users\\medam\\Desktop\\projet\\projet_indiv_amine\\frontend\\src\\components\\ArticleList.js": {"path":"C:\\Users\\medam\\Desktop\\projet\\projet_indiv_amine\\frontend\\src\\components\\ArticleList.js","statementMap":{"0":{"start":{"line":4,"column":2},"end":{"line":46,"column":4}},"1":{"start":{"line":15,"column":10},"end":{"line":42,"column":16}},"2":{"start":{"line":36,"column":33},"end":{"line":36,"column":66}}},"fnMap":{"0":{"name":"ArticleList","decl":{"start":{"line":3,"column":9},"end":{"line":3,"column":20}},"loc":{"start":{"line":3,"column":58},"end":{"line":47,"column":1}},"line":3},"1":{"name":"(anonymous_1)","decl":{"start":{"line":14,"column":22},"end":{"line":14,"column":23}},"loc":{"start":{"line":15,"column":10},"end":{"line":42,"column":16}},"line":15},"2":{"name":"(anonymous_2)","decl":{"start":{"line":36,"column":27},"end":{"line":36,"column":28}},"loc":{"start":{"line":36,"column":33},"end":{"line":36,"column":66}},"line":36}},"branchMap":{"0":{"loc":{"start":{"line":9,"column":36},"end":{"line":9,"column":66}},"type":"cond-expr","locations":[{"start":{"line":9,"column":58},"end":{"line":9,"column":61}},{"start":{"line":9,"column":64},"end":{"line":9,"column":66}}],"line":9},"1":{"loc":{"start":{"line":17,"column":15},"end":{"line":25,"column":15}},"type":"cond-expr","locations":[{"start":{"line":18,"column":16},"end":{"line":22,"column":18}},{"start":{"line":24,"column":16},"end":{"line":24,"column":73}}],"line":17},"2":{"loc":{"start":{"line":32,"column":15},"end":{"line":40,"column":15}},"type":"binary-expr","locations":[{"start":{"line":32,"column":15},"end":{"line":32,"column":26}},{"start":{"line":32,"column":30},"end":{"line":32,"column":62}},{"start":{"line":33,"column":16},"end":{"line":39,"column":25}}],"line":32},"3":{"loc":{"start":{"line":36,"column":33},"end":{"line":36,"column":66}},"type":"binary-expr","locations":[{"start":{"line":36,"column":33},"end":{"line":36,"column":41}},{"start":{"line":36,"column":45},"end":{"line":36,"column":66}}],"line":36}},"s":{"0":8,"1":7,"2":1},"f":{"0":8,"1":7,"2":1},"b":{"0":[2,6],"1":[1,6],"2":[7,2,1],"3":[1,1]},"_coverageSchema":"1a1c01bbd47fc00a2c39e90264f33305004495a9","hash":"8710771138aa2aa6908795f9c21b5ceeb6e6ab9d"}
}
