TN:
SF:src\App.js
FN:8,App
FN:14,(anonymous_1)
FN:16,(anonymous_2)
FN:21,handleRegister
FN:45,handleLogin
FN:68,handleLogout
FN:74,(anonymous_6)
FN:79,loadMyArticles
FN:93,handleDeleteArticle
FN:102,(anonymous_9)
FN:102,(anonymous_10)
FN:186,(anonymous_11)
FN:187,(anonymous_12)
FNF:13
FNH:3
FNDA:4,App
FNDA:3,(anonymous_1)
FNDA:3,(anonymous_2)
FNDA:0,handleRegister
FNDA:0,handleLogin
FNDA:0,handleLogout
FNDA:0,(anonymous_6)
FNDA:0,loadMyArticles
FNDA:0,handleDeleteArticle
FNDA:0,(anonymous_9)
FNDA:0,(anonymous_10)
FNDA:0,(anonymous_11)
FNDA:0,(anonymous_12)
DA:6,1
DA:9,4
DA:10,3
DA:11,3
DA:14,3
DA:15,3
DA:16,3
DA:22,0
DA:23,0
DA:25,0
DA:35,0
DA:36,0
DA:37,0
DA:40,0
DA:41,0
DA:42,0
DA:46,0
DA:47,0
DA:49,0
DA:58,0
DA:59,0
DA:60,0
DA:63,0
DA:64,0
DA:65,0
DA:69,0
DA:70,0
DA:73,0
DA:74,0
DA:80,0
DA:81,0
DA:82,0
DA:85,0
DA:86,0
DA:87,0
DA:89,0
DA:94,0
DA:95,0
DA:97,0
DA:101,0
DA:102,0
DA:105,3
DA:187,0
LF:43
LH:8
BRDA:35,0,0,0
BRDA:35,0,1,0
BRDA:58,1,0,0
BRDA:58,1,1,0
BRDA:80,2,0,0
BRDA:80,2,1,0
BRDA:85,3,0,0
BRDA:85,3,1,0
BRDA:94,4,0,0
BRDA:94,4,1,0
BRDA:95,5,0,0
BRDA:95,5,1,0
BRDA:101,6,0,0
BRDA:101,6,1,0
BRDA:115,7,0,3
BRDA:115,7,1,0
BRDA:141,8,0,3
BRDA:141,8,1,3
BRDA:183,9,0,3
BRDA:183,9,1,0
BRF:20
BRH:4
end_of_record
TN:
SF:src\index.js
FNF:0
FNH:0
DA:6,0
DA:7,0
LF:2
LH:0
BRF:0
BRH:0
end_of_record
TN:
SF:src\components\ArticleForm.js
FN:5,ArticleForm
FN:10,handleSubmit
FN:57,(anonymous_2)
FN:68,(anonymous_3)
FN:78,(anonymous_4)
FNF:5
FNH:0
FNDA:0,ArticleForm
FNDA:0,handleSubmit
FNDA:0,(anonymous_2)
FNDA:0,(anonymous_3)
FNDA:0,(anonymous_4)
DA:3,1
DA:6,0
DA:7,0
DA:8,0
DA:11,0
DA:13,0
DA:14,0
DA:15,0
DA:16,0
DA:17,0
DA:20,0
DA:21,0
DA:27,0
DA:28,0
DA:29,0
DA:32,0
DA:33,0
DA:34,0
DA:35,0
DA:36,0
DA:38,0
DA:39,0
DA:43,0
DA:57,0
DA:68,0
DA:78,0
LF:26
LH:1
BRDA:16,0,0,0
BRDA:16,0,1,0
BRDA:23,1,0,0
BRDA:23,1,1,0
BRDA:27,2,0,0
BRDA:27,2,1,0
BRDA:33,3,0,0
BRDA:33,3,1,0
BRF:8
BRH:0
end_of_record
TN:
SF:src\components\ArticleList.js
FN:3,ArticleList
FN:14,(anonymous_1)
FN:36,(anonymous_2)
FNF:3
FNH:3
FNDA:8,ArticleList
FNDA:7,(anonymous_1)
FNDA:1,(anonymous_2)
DA:4,8
DA:15,7
DA:36,1
LF:3
LH:3
BRDA:9,0,0,2
BRDA:9,0,1,6
BRDA:17,1,0,1
BRDA:17,1,1,6
BRDA:32,2,0,7
BRDA:32,2,1,2
BRDA:32,2,2,1
BRDA:36,3,0,1
BRDA:36,3,1,1
BRF:9
BRH:9
end_of_record
