TN:
SF:controllers\articleController.js
FN:20,uploadToAzure
FN:41,(anonymous_1)
FN:68,(anonymous_2)
FN:82,(anonymous_3)
FN:97,(anonymous_4)
FN:124,(anonymous_5)
FNF:6
FNH:0
FNDA:0,uploadToAzure
FNDA:0,(anonymous_1)
FNDA:0,(anonymous_2)
FNDA:0,(anonymous_3)
FNDA:0,(anonymous_4)
FNDA:0,(anonymous_5)
DA:2,0
DA:3,0
DA:5,0
DA:6,0
DA:7,0
DA:9,0
DA:10,0
DA:13,0
DA:14,0
DA:21,0
DA:23,0
DA:27,0
DA:28,0
DA:29,0
DA:31,0
DA:33,0
DA:37,0
DA:41,0
DA:42,0
DA:43,0
DA:45,0
DA:46,0
DA:47,0
DA:50,0
DA:57,0
DA:58,0
DA:60,0
DA:61,0
DA:68,0
DA:69,0
DA:70,0
DA:71,0
DA:73,0
DA:74,0
DA:82,0
DA:83,0
DA:84,0
DA:86,0
DA:88,0
DA:89,0
DA:97,0
DA:98,0
DA:99,0
DA:100,0
DA:101,0
DA:104,0
DA:105,0
DA:108,0
DA:109,0
DA:110,0
DA:112,0
DA:113,0
DA:115,0
DA:116,0
DA:124,0
DA:125,0
DA:126,0
DA:127,0
DA:128,0
DA:131,0
DA:132,0
DA:135,0
DA:136,0
DA:138,0
DA:139,0
LF:65
LH:0
BRDA:21,0,0,0
BRDA:21,0,1,0
BRDA:46,1,0,0
BRDA:46,1,1,0
BRDA:100,2,0,0
BRDA:100,2,1,0
BRDA:104,3,0,0
BRDA:104,3,1,0
BRDA:109,4,0,0
BRDA:109,4,1,0
BRDA:110,5,0,0
BRDA:110,5,1,0
BRDA:127,6,0,0
BRDA:127,6,1,0
BRDA:131,7,0,0
BRDA:131,7,1,0
BRF:16
BRH:0
end_of_record
TN:
SF:controllers\authController.js
FN:4,createToken
FN:13,(anonymous_1)
FN:41,(anonymous_2)
FNF:3
FNH:0
FNDA:0,createToken
FNDA:0,(anonymous_1)
FNDA:0,(anonymous_2)
DA:1,0
DA:2,0
DA:5,0
DA:13,0
DA:14,0
DA:15,0
DA:17,0
DA:18,0
DA:21,0
DA:22,0
DA:23,0
DA:26,0
DA:27,0
DA:29,0
DA:30,0
DA:35,0
DA:36,0
DA:41,0
DA:42,0
DA:43,0
DA:45,0
DA:46,0
DA:47,0
DA:52,0
DA:53,0
DA:58,0
DA:59,0
DA:63,0
LF:28
LH:0
BRDA:17,0,0,0
BRDA:17,0,1,0
BRDA:17,1,0,0
BRDA:17,1,1,0
BRDA:17,1,2,0
BRDA:22,2,0,0
BRDA:22,2,1,0
BRDA:46,3,0,0
BRDA:46,3,1,0
BRDA:46,4,0,0
BRDA:46,4,1,0
BRF:11
BRH:0
end_of_record
TN:
SF:middlewares\auth.js
FN:3,auth
FNF:1
FNH:1
FNDA:2,auth
DA:1,1
DA:3,1
DA:4,2
DA:6,2
DA:7,1
DA:10,1
DA:12,1
DA:13,1
DA:15,1
DA:16,1
DA:18,0
LF:11
LH:10
BRDA:6,0,0,1
BRDA:6,0,1,1
BRDA:6,1,0,2
BRDA:6,1,1,1
BRF:4
BRH:4
end_of_record
TN:
SF:middlewares\validate.js
FN:12,validateArticle
FNF:1
FNH:1
FNDA:2,validateArticle
DA:1,1
DA:3,1
DA:13,2
DA:18,2
DA:19,2
DA:20,1
DA:23,1
DA:24,1
DA:27,1
LF:9
LH:9
BRDA:16,0,0,2
BRDA:16,0,1,0
BRDA:16,1,0,2
BRDA:16,1,1,0
BRDA:19,2,0,1
BRDA:19,2,1,1
BRF:6
BRH:4
end_of_record
